[Tue Nov 11 22:28:19 2014] [info] Listening at "http://*:3000".
[Tue Nov 11 22:56:24 2014] [debug] Your secret passphrase needs to be changed!!!
[Tue Nov 11 22:56:24 2014] [debug] GET "/".
[Tue Nov 11 22:56:24 2014] [debug] Routing to controller "Photo::Controller::Index" and action "slash".
[Tue Nov 11 22:56:24 2014] [debug] 200 OK (0.002004s, 499.002/s).
[Tue Nov 11 22:57:04 2014] [debug] Your secret passphrase needs to be changed!!!
[Tue Nov 11 22:57:04 2014] [debug] GET "/".
[Tue Nov 11 22:57:04 2014] [debug] Routing to controller "Photo::Controller::Index" and action "slash".
[Tue Nov 11 22:57:04 2014] [debug] 200 OK (0.002102s, 475.737/s).
[Tue Nov 11 22:58:18 2014] [debug] GET "/".
[Tue Nov 11 22:58:18 2014] [debug] Routing to controller "Photo::Controller::Index" and action "slash".
[Tue Nov 11 22:58:18 2014] [debug] 200 OK (0.000605s, 1652.893/s).
[Tue Nov 11 22:59:06 2014] [debug] GET "/".
[Tue Nov 11 22:59:06 2014] [debug] Routing to controller "Photo::Controller::Index" and action "slash".
[Tue Nov 11 22:59:06 2014] [debug] 200 OK (0.000615s, 1626.016/s).
[Tue Nov 11 22:59:20 2014] [debug] GET "/".
[Tue Nov 11 22:59:20 2014] [debug] Routing to controller "Photo::Controller::Index" and action "slash".
[Tue Nov 11 22:59:20 2014] [debug] 200 OK (0.000630s, 1587.302/s).
[Tue Nov 11 22:59:37 2014] [debug] GET "/".
[Tue Nov 11 22:59:37 2014] [debug] Routing to controller "Photo::Controller::Index" and action "slash".
[Tue Nov 11 22:59:37 2014] [debug] 200 OK (0.000616s, 1623.377/s).
[Tue Nov 11 22:59:52 2014] [debug] GET "/".
[Tue Nov 11 22:59:52 2014] [debug] Routing to controller "Photo::Controller::Index" and action "slash".
[Tue Nov 11 22:59:52 2014] [debug] 200 OK (0.000618s, 1618.123/s).
[Tue Nov 11 23:01:48 2014] [debug] GET "/".
[Tue Nov 11 23:01:48 2014] [debug] Routing to controller "Photo::Controller::Index" and action "slash".
[Tue Nov 11 23:01:48 2014] [debug] 200 OK (0.000590s, 1694.915/s).
[Tue Nov 11 23:02:05 2014] [debug] GET "/".
[Tue Nov 11 23:02:05 2014] [debug] Routing to controller "Photo::Controller::Index" and action "slash".
[Tue Nov 11 23:02:05 2014] [debug] 200 OK (0.000614s, 1628.664/s).
[Tue Nov 11 23:02:15 2014] [debug] GET "/".
[Tue Nov 11 23:02:15 2014] [debug] Routing to controller "Photo::Controller::Index" and action "slash".
[Tue Nov 11 23:02:15 2014] [debug] 200 OK (0.000608s, 1644.737/s).
[Tue Nov 11 23:03:53 2014] [debug] GET "/".
[Tue Nov 11 23:03:53 2014] [debug] Routing to controller "Photo::Controller::Index" and action "slash".
[Tue Nov 11 23:03:53 2014] [debug] 200 OK (0.000626s, 1597.444/s).
[Tue Nov 11 23:05:43 2014] [debug] Your secret passphrase needs to be changed!!!
[Tue Nov 11 23:05:44 2014] [debug] GET "/".
[Tue Nov 11 23:05:44 2014] [debug] Routing to controller "Photo::Controller::Index" and action "slash".
[Tue Nov 11 23:05:44 2014] [debug] 200 OK (0.001723s, 580.383/s).
[Tue Nov 11 23:05:52 2014] [debug] GET "/".
[Tue Nov 11 23:05:52 2014] [debug] Routing to controller "Photo::Controller::Index" and action "slash".
[Tue Nov 11 23:05:52 2014] [debug] 200 OK (0.000730s, 1369.863/s).
[Tue Nov 11 23:06:01 2014] [debug] GET "/".
[Tue Nov 11 23:06:01 2014] [debug] Routing to controller "Photo::Controller::Index" and action "slash".
[Tue Nov 11 23:06:01 2014] [debug] 200 OK (0.000618s, 1618.123/s).
[Tue Nov 11 23:07:47 2014] [debug] GET "/".
[Tue Nov 11 23:07:47 2014] [debug] Routing to controller "Photo::Controller::Index" and action "slash".
[Tue Nov 11 23:07:47 2014] [debug] 200 OK (0.000613s, 1631.321/s).
[Tue Nov 11 23:10:00 2014] [debug] GET "/css/jquery.lightbox-0.5.css".
[Tue Nov 11 23:10:00 2014] [debug] Template "not_found.development.html.ep" not found.
[Tue Nov 11 23:10:00 2014] [debug] Template "not_found.html.ep" not found.
[Tue Nov 11 23:10:00 2014] [debug] Rendering inline template "3e3201ab0667c1fc7f39089209f0435c".
[Tue Nov 11 23:10:00 2014] [debug] Rendering inline template "e9390393841cf5d4025baa2848b76dd8".
[Tue Nov 11 23:10:00 2014] [debug] 404 Not Found (0.030281s, 33.024/s).
[Tue Nov 11 23:10:07 2014] [debug] GET "/css/jquery.lightbox-0.5.css".
[Tue Nov 11 23:10:07 2014] [debug] Template "not_found.development.html.ep" not found.
[Tue Nov 11 23:10:07 2014] [debug] Template "not_found.html.ep" not found.
[Tue Nov 11 23:10:07 2014] [debug] Rendering cached inline template "3e3201ab0667c1fc7f39089209f0435c".
[Tue Nov 11 23:10:07 2014] [debug] Rendering cached inline template "e9390393841cf5d4025baa2848b76dd8".
[Tue Nov 11 23:10:07 2014] [debug] 404 Not Found (0.008216s, 121.714/s).
[Tue Nov 11 23:10:12 2014] [debug] GET "/css/jquery.lightbox-0.5.css".
[Tue Nov 11 23:10:12 2014] [debug] Template "not_found.development.html.ep" not found.
[Tue Nov 11 23:10:12 2014] [debug] Template "not_found.html.ep" not found.
[Tue Nov 11 23:10:12 2014] [debug] Rendering cached inline template "3e3201ab0667c1fc7f39089209f0435c".
[Tue Nov 11 23:10:12 2014] [debug] Rendering cached inline template "e9390393841cf5d4025baa2848b76dd8".
[Tue Nov 11 23:10:12 2014] [debug] 404 Not Found (0.009786s, 102.187/s).
[Tue Nov 11 23:25:58 2014] [debug] GET "/oswald.woff2".
[Tue Nov 11 23:25:58 2014] [debug] Template "not_found.development.html.ep" not found.
[Tue Nov 11 23:25:58 2014] [debug] Template "not_found.html.ep" not found.
[Tue Nov 11 23:25:58 2014] [debug] Rendering cached inline template "3e3201ab0667c1fc7f39089209f0435c".
[Tue Nov 11 23:25:58 2014] [debug] Rendering cached inline template "e9390393841cf5d4025baa2848b76dd8".
[Tue Nov 11 23:25:58 2014] [debug] 404 Not Found (0.008019s, 124.704/s).
[Wed Nov 12 04:30:47 2014] [debug] Your secret passphrase needs to be changed!!!
